<?xml version="1.0" encoding="UTF-8" ?>
<testsuites errors="1"
            failures="1"
            tests="2">

  <testsuite name="yoodlizeTests"
    errors="1" failures="1" hostname="" id="" package="yoodlizeTests" skipped="0"
    tests="2" time="196.3" timestamp="">
  
    <testcase name="Navigate Categories" classname="yoodlizeTests" time="183.1" assertions="30">

    

    

    

    

    

    

    

    

    

    

    

    

    

    

    

    

    

    

    

    

    

    

    

    

    

    

    

    

    

    
    </testcase>
  
    <testcase name="Search for an Item" classname="yoodlizeTests" time="13.21" assertions="1">  <failure message="Timed out while waiting for element &lt;//div[text()=&#34;keyword: &#34;and&#34;Rubix Cube&#34;]&gt; to be present for 10000 milliseconds. - expected [0;32m&#34;visible&#34;[0m but got: [0;31m&#34;not found&#34;[0m">    at Object.Search for an Item (C:\Users\Owner\DevMtn\practiceAutomation\Yoodlize\tests\yoodlizeTests.js:110:10)
    at process._tickCallback (internal/process/next_tick.js:68:7)</failure>

    <failure message="    at Object.Search for an Item (C:\Users\Owner\DevMtn\practiceAutomation\Yoodlize\tests\yoodlizeTests.js:110:10)">    at process._tickCallback (internal/process/next_tick.js:68:7)</failure>
    </testcase>
  

  

  
  </testsuite>
</testsuites>
